mode: set
github.com/aathiraashok/parser/main.go:25.13,26.22 1 0
github.com/aathiraashok/parser/main.go:29.2,32.30 4 0
github.com/aathiraashok/parser/main.go:35.2,39.16 3 0
github.com/aathiraashok/parser/main.go:26.22,28.3 1 0
github.com/aathiraashok/parser/main.go:32.30,34.3 1 0
github.com/aathiraashok/parser/main.go:46.42,49.25 2 1
github.com/aathiraashok/parser/main.go:57.2,62.34 3 1
github.com/aathiraashok/parser/main.go:67.2,67.27 1 1
github.com/aathiraashok/parser/main.go:71.2,72.33 2 1
github.com/aathiraashok/parser/main.go:75.2,76.12 2 1
github.com/aathiraashok/parser/main.go:49.25,51.41 1 1
github.com/aathiraashok/parser/main.go:51.41,53.4 1 0
github.com/aathiraashok/parser/main.go:53.9,55.4 1 1
github.com/aathiraashok/parser/main.go:62.34,64.3 1 1
github.com/aathiraashok/parser/main.go:67.27,69.3 1 1
github.com/aathiraashok/parser/main.go:72.33,74.3 1 1
github.com/aathiraashok/parser/main.go:79.70,81.30 1 1
github.com/aathiraashok/parser/main.go:81.30,86.17 2 1
github.com/aathiraashok/parser/main.go:91.3,92.19 2 1
github.com/aathiraashok/parser/main.go:86.17,89.12 3 1
github.com/aathiraashok/parser/main.go:95.45,96.37 1 1
github.com/aathiraashok/parser/main.go:99.2,101.14 3 1
github.com/aathiraashok/parser/main.go:104.2,106.38 2 1
github.com/aathiraashok/parser/main.go:110.2,111.14 2 1
github.com/aathiraashok/parser/main.go:114.2,115.36 2 1
github.com/aathiraashok/parser/main.go:96.37,98.3 1 1
github.com/aathiraashok/parser/main.go:101.14,103.3 1 1
github.com/aathiraashok/parser/main.go:106.38,108.3 1 0
github.com/aathiraashok/parser/main.go:111.14,113.3 1 0
